<?xml version="1.0" encoding="UTF-8"?>
<!-- Generated by org.testng.reporters.JUnitXMLReporter -->
<testsuite ignored="0" hostname="LAPTOP-D06MN9MK" failures="0" tests="10" name="Surefire test" time="30.429" errors="0" timestamp="2024-09-04T22:22:36 IST">
  <testcase classname="api.test.DDTests" name="testPostUser" time="4.31"/>
  <testcase classname="api.test.DDTests" name="testPostUser" time="2.226"/>
  <testcase classname="api.test.DDTests" name="testPostUser" time="2.567"/>
  <testcase classname="api.test.DDTests" name="testDeleteUsers" time="2.436"/>
  <testcase classname="api.test.DDTests" name="testDeleteUsers" time="2.557"/>
  <testcase classname="api.test.DDTests" name="testDeleteUsers" time="2.56"/>
  <testcase classname="api.test.UserTests" name="testPostUser" time="2.681"/>
  <testcase classname="api.test.UserTests" name="getUserName" time="2.2"/>
  <testcase classname="api.test.UserTests" name="testUpdateUser" time="4.09"/>
  <testcase classname="api.test.UserTests" name="deleteUserName" time="3.187"/>
</testsuite> <!-- Surefire test -->
