<?xml version="1.0" encoding="UTF-8"?>
<!-- Generated by org.testng.reporters.JUnitXMLReporter -->
<testsuite ignored="0" hostname="LAPTOP-D06MN9MK" failures="0" tests="4" name="Default test" time="15.458" errors="0" timestamp="2024-09-04T21:48:07 IST">
  <testcase classname="api.test.UserTests" name="testPostUser" time="4.768"/>
  <testcase classname="api.test.UserTests" name="getUserName" time="2.77"/>
  <testcase classname="api.test.UserTests" name="testUpdateUser" time="5.421"/>
  <testcase classname="api.test.UserTests" name="deleteUserName" time="2.068"/>
</testsuite> <!-- Default test -->
