<?xml version="1.0" encoding="UTF-8"?>
<testng-results ignored="0" total="4" passed="4" failed="0" skipped="0">
  <reporter-output>
  </reporter-output>
  <suite started-at="2024-09-04T21:50:02 IST" name="PetSuite" finished-at="2024-09-04T21:50:18 IST" duration-ms="16236">
    <groups>
    </groups>
    <test started-at="2024-09-04T21:50:02 IST" name="PetTest" finished-at="2024-09-04T21:50:18 IST" duration-ms="16236">
      <class name="api.test.UserTests2">
        <test-method is-config="true" signature="setupData()[pri:0, instance:api.test.UserTests2@58cbafc2]" started-at="2024-09-04T21:50:02 IST" name="setupData" finished-at="2024-09-04T21:50:02 IST" duration-ms="211" status="PASS">
          <reporter-output>
          </reporter-output>
        </test-method> <!-- setupData -->
        <test-method signature="testPostUser()[pri:1, instance:api.test.UserTests2@58cbafc2]" started-at="2024-09-04T21:50:02 IST" name="testPostUser" finished-at="2024-09-04T21:50:07 IST" duration-ms="4661" status="PASS">
          <reporter-output>
          </reporter-output>
        </test-method> <!-- testPostUser -->
        <test-method signature="getUserName()[pri:2, instance:api.test.UserTests2@58cbafc2]" started-at="2024-09-04T21:50:07 IST" name="getUserName" finished-at="2024-09-04T21:50:09 IST" duration-ms="2582" status="PASS">
          <reporter-output>
          </reporter-output>
        </test-method> <!-- getUserName -->
        <test-method signature="testUpdateUser()[pri:3, instance:api.test.UserTests2@58cbafc2]" started-at="2024-09-04T21:50:09 IST" name="testUpdateUser" finished-at="2024-09-04T21:50:15 IST" duration-ms="5829" status="PASS">
          <reporter-output>
          </reporter-output>
        </test-method> <!-- testUpdateUser -->
        <test-method signature="deleteUserName()[pri:4, instance:api.test.UserTests2@58cbafc2]" started-at="2024-09-04T21:50:15 IST" name="deleteUserName" finished-at="2024-09-04T21:50:18 IST" duration-ms="2656" status="PASS">
          <reporter-output>
          </reporter-output>
        </test-method> <!-- deleteUserName -->
      </class> <!-- api.test.UserTests2 -->
    </test> <!-- PetTest -->
  </suite> <!-- PetSuite -->
</testng-results>
